<?xml version="1.0" encoding="UTF-8"?>
<testsuite xmlns:xsi="http://www.w3.org/2001/XMLSchema-instance" xsi:noNamespaceSchemaLocation="https://maven.apache.org/surefire/maven-failsafe-plugin/xsd/failsafe-test-report-3.0.xsd" version="3.0" name="com.linker.qa.runners.AcceptanceTestSuite" time="30.599" tests="15" errors="0" skipped="0" failures="0">
  <properties>
[...]
</properties>
  <testcase name="Visualizar la portada principal" classname="Navegacion inicial del sitio" time="6.018">
    <system-out><![CDATA[
@smoke @ui @home
Escenario: Visualizar la portada principal                   &amp#27;[90m# ///Users/stephanomejiamorales/Documents/Universidad de Medellin/Semestre VII/(61) Validación y Verificación de Software/Linker/QA/src/test/resources/features/home/inicio.feature:8&amp#27;[0m
  &amp#27;[32mDado &amp#27;[0m&amp#27;[32mque &amp#27;[0m&amp#27;[32m&amp#27;[1mNathalia&amp#27;[0m&amp#27;[32m navega a la pagina &amp#27;[0m&amp#27;[32m&amp#27;[1m"/"&amp#27;[0m                   &amp#27;[90m# com.linker.qa.stepdefinitions.PublicPagesStepDefinitions.actorNavigatesToPage(java.lang.String,java.lang.String)&amp#27;[0m
  &amp#27;[32mEntonces &amp#27;[0m&amp#27;[32mdeberia visualizar la portada principal de Linker&amp#27;[0m &amp#27;[90m# com.linker.qa.stepdefinitions.PublicPagesStepDefinitions.shouldSeeHomePage()&amp#27;[0m
]]></system-out>
    <system-err><![CDATA[[main] INFO  - 

-------------------------------------------------------------------------------------
     _______. _______ .______       _______ .__   __.  __  .___________.____    ____ 
    /       ||   ____||   _  \     |   ____||  \ |  | |  | |           |\   \  /   / 
   |   (----`|  |__   |  |_)  |    |  |__   |   \|  | |  | `---|  |----` \   \/   /  
    \   \    |   __|  |      /     |   __|  |  . `  | |  |     |  |       \_    _/   
.----)   |   |  |____ |  |\  \----.|  |____ |  |\   | |  |     |  |         |  |     
|_______/    |_______|| _| `._____||_______||__| \__| |__|     |__|         |__|    
                                                                                     
 News and tutorials at https://serenity-bdd.info                                     
 Documentation at https://serenity-bdd.github.io                                     
 Test Automation Training and Coaching: https://www.serenity-dojo.com                
 Commercial Support: https://www.serenity-dojo.com/serenity-bdd-enterprise-support   
 Join the Serenity Community on Gitter: https://gitter.im/serenity-bdd/serenity-core 
-------------------------------------------------------------------------------------

[main] INFO  - Test Suite Started: Navegacion inicial del sitio
[main] INFO  - Test Suite Started: Inicio de sesion
[main] INFO  - Test Suite Started: Match privado de empresa
[main] INFO  - Test Suite Started: Match privado del postulante
[main] INFO  - Test Suite Started: Perfil privado de empresa
[main] INFO  - Test Suite Started: Perfil privado del postulante
[main] INFO  - Test Suite Started: Registro de postulante
[main] INFO  - Test Suite Started: Registro de empresa
[main] INFO  - Test Suite Started: Navegacion inicial del sitio
[main] INFO  - 
  _____   ___   ___   _____     ___   _____     _     ___   _____   ___   ___  
 |_   _| | __| / __| |_   _|   / __| |_   _|   /_\   | _ \ |_   _| | __| |   \ 
   | |   | _|  \__ \   | |     \__ \   | |    / _ \  |   /   | |   | _|  | |) |
   |_|   |___| |___/   |_|     |___/   |_|   /_/ \_\ |_|_\   |_|   |___| |___/ 

Visualizar la portada principal(navegacion-inicial-del-sitio;visualizar-la-portada-principal)
--------------------------------------------------------------------------------
[main] INFO net.serenitybdd.core.webdriver.driverproviders.ChromeDriverProvider - Starting Chrome driver instance with capabilities:
[main] INFO net.serenitybdd.core.webdriver.driverproviders.ChromeDriverProvider - Capabilities {acceptInsecureCerts: false, browserName: chrome, goog:chromeOptions: {args: [remote-allow-origins=*], extensions: []}}
Apr 28, 2026 8:47:15 PM org.openqa.selenium.devtools.CdpVersionFinder findNearestMatch
WARNING: Unable to find CDP implementation matching 147
Apr 28, 2026 8:47:15 PM org.openqa.selenium.chromium.ChromiumDriver lambda$new$4
WARNING: Unable to find version of CDP to use for 147.0.7727.117. You may need to include a dependency on a specific version of the CDP using something similar to `org.seleniumhq.selenium:selenium-devtools-v86:4.28.1` where the version ("v86") matches the version of the chromium-based browser you're using and the version number of the artifact is the same as Selenium's.
[main] INFO  - 
  _____   ___   ___   _____     ___     _     ___   ___   ___   ___  
 |_   _| | __| / __| |_   _|   | _ \   /_\   / __| / __| | __| |   \ 
   | |   | _|  \__ \   | |     |  _/  / _ \  \__ \ \__ \ | _|  | |) |
   |_|   |___| |___/   |_|     |_|   /_/ \_\ |___/ |___/ |___| |___/ 

Visualizar la portada principal
----------------------------------------------------------------------
]]></system-err>
  </testcase>
  <testcase name="Navegar al login desde el encabezado" classname="Navegacion inicial del sitio" time="1.509">
    <system-out><![CDATA[
@ui @home
Escenario: Navegar al login desde el encabezado       &amp#27;[90m# ///Users/stephanomejiamorales/Documents/Universidad de Medellin/Semestre VII/(61) Validación y Verificación de Software/Linker/QA/src/test/resources/features/home/inicio.feature:13&amp#27;[0m
  &amp#27;[32mDado &amp#27;[0m&amp#27;[32mque &amp#27;[0m&amp#27;[32m&amp#27;[1mNathalia&amp#27;[0m&amp#27;[32m navega a la pagina &amp#27;[0m&amp#27;[32m&amp#27;[1m"/"&amp#27;[0m            &amp#27;[90m# com.linker.qa.stepdefinitions.PublicPagesStepDefinitions.actorNavigatesToPage(java.lang.String,java.lang.String)&amp#27;[0m
  &amp#27;[32mCuando &amp#27;[0m&amp#27;[32mselecciona la opcion de login del encabezado&amp#27;[0m &amp#27;[90m# com.linker.qa.stepdefinitions.PublicPagesStepDefinitions.actorSelectsHeaderLogin()&amp#27;[0m
  &amp#27;[32mEntonces &amp#27;[0m&amp#27;[32mdeberia terminar en la ruta &amp#27;[0m&amp#27;[32m&amp#27;[1m"/login"&amp#27;[0m       &amp#27;[90m# com.linker.qa.stepdefinitions.PublicPagesStepDefinitions.shouldEndOnRoute(java.lang.String)&amp#27;[0m
]]></system-out>
    <system-err><![CDATA[[main] INFO  - 
  _____   ___   ___   _____     ___   _____     _     ___   _____   ___   ___  
 |_   _| | __| / __| |_   _|   / __| |_   _|   /_\   | _ \ |_   _| | __| |   \ 
   | |   | _|  \__ \   | |     \__ \   | |    / _ \  |   /   | |   | _|  | |) |
   |_|   |___| |___/   |_|     |___/   |_|   /_/ \_\ |_|_\   |_|   |___| |___/ 

Navegar al login desde el encabezado(navegacion-inicial-del-sitio;navegar-al-login-desde-el-encabezado)
--------------------------------------------------------------------------------
[main] INFO net.serenitybdd.core.webdriver.driverproviders.ChromeDriverProvider - Starting Chrome driver instance with capabilities:
[main] INFO net.serenitybdd.core.webdriver.driverproviders.ChromeDriverProvider - Capabilities {acceptInsecureCerts: false, browserName: chrome, goog:chromeOptions: {args: [remote-allow-origins=*], extensions: []}}
Apr 28, 2026 8:47:17 PM org.openqa.selenium.devtools.CdpVersionFinder findNearestMatch
WARNING: Unable to find CDP implementation matching 147
Apr 28, 2026 8:47:17 PM org.openqa.selenium.chromium.ChromiumDriver lambda$new$4
WARNING: Unable to find version of CDP to use for 147.0.7727.117. You may need to include a dependency on a specific version of the CDP using something similar to `org.seleniumhq.selenium:selenium-devtools-v86:4.28.1` where the version ("v86") matches the version of the chromium-based browser you're using and the version number of the artifact is the same as Selenium's.
[main] INFO  - 
  _____   ___   ___   _____     ___     _     ___   ___   ___   ___  
 |_   _| | __| / __| |_   _|   | _ \   /_\   / __| / __| | __| |   \ 
   | |   | _|  \__ \   | |     |  _/  / _ \  \__ \ \__ \ | _|  | |) |
   |_|   |___| |___/   |_|     |_|   /_/ \_\ |___/ |___/ |___| |___/ 

Navegar al login desde el encabezado
----------------------------------------------------------------------
]]></system-err>
  </testcase>
  <testcase name="Redirigir al inicio cuando la ruta no existe" classname="Navegacion inicial del sitio" time="1.235">
    <system-out><![CDATA[
@ui @home
Escenario: Redirigir al inicio cuando la ruta no existe    &amp#27;[90m# ///Users/stephanomejiamorales/Documents/Universidad de Medellin/Semestre VII/(61) Validación y Verificación de Software/Linker/QA/src/test/resources/features/home/inicio.feature:19&amp#27;[0m
  &amp#27;[32mDado &amp#27;[0m&amp#27;[32mque &amp#27;[0m&amp#27;[32m&amp#27;[1mNathalia&amp#27;[0m&amp#27;[32m navega a la pagina &amp#27;[0m&amp#27;[32m&amp#27;[1m"/ruta-inexistente"&amp#27;[0m &amp#27;[90m# com.linker.qa.stepdefinitions.PublicPagesStepDefinitions.actorNavigatesToPage(java.lang.String,java.lang.String)&amp#27;[0m
  &amp#27;[32mEntonces &amp#27;[0m&amp#27;[32mdeberia terminar en la ruta &amp#27;[0m&amp#27;[32m&amp#27;[1m"/"&amp#27;[0m                 &amp#27;[90m# com.linker.qa.stepdefinitions.PublicPagesStepDefinitions.shouldEndOnRoute(java.lang.String)&amp#27;[0m
]]></system-out>
    <system-err><![CDATA[[main] INFO  - 
  _____   ___   ___   _____     ___   _____     _     ___   _____   ___   ___  
 |_   _| | __| / __| |_   _|   / __| |_   _|   /_\   | _ \ |_   _| | __| |   \ 
   | |   | _|  \__ \   | |     \__ \   | |    / _ \  |   /   | |   | _|  | |) |
   |_|   |___| |___/   |_|     |___/   |_|   /_/ \_\ |_|_\   |_|   |___| |___/ 

Redirigir al inicio cuando la ruta no existe(navegacion-inicial-del-sitio;redirigir-al-inicio-cuando-la-ruta-no-existe)
--------------------------------------------------------------------------------
[main] INFO net.serenitybdd.core.webdriver.driverproviders.ChromeDriverProvider - Starting Chrome driver instance with capabilities:
[main] INFO net.serenitybdd.core.webdriver.driverproviders.ChromeDriverProvider - Capabilities {acceptInsecureCerts: false, browserName: chrome, goog:chromeOptions: {args: [remote-allow-origins=*], extensions: []}}
Apr 28, 2026 8:47:19 PM org.openqa.selenium.devtools.CdpVersionFinder findNearestMatch
WARNING: Unable to find CDP implementation matching 147
Apr 28, 2026 8:47:19 PM org.openqa.selenium.chromium.ChromiumDriver lambda$new$4
WARNING: Unable to find version of CDP to use for 147.0.7727.117. You may need to include a dependency on a specific version of the CDP using something similar to `org.seleniumhq.selenium:selenium-devtools-v86:4.28.1` where the version ("v86") matches the version of the chromium-based browser you're using and the version number of the artifact is the same as Selenium's.
[main] INFO  - 
  _____   ___   ___   _____     ___     _     ___   ___   ___   ___  
 |_   _| | __| / __| |_   _|   | _ \   /_\   / __| / __| | __| |   \ 
   | |   | _|  \__ \   | |     |  _/  / _ \  \__ \ \__ \ | _|  | |) |
   |_|   |___| |___/   |_|     |_|   /_/ \_\ |___/ |___/ |___| |___/ 

Redirigir al inicio cuando la ruta no existe
----------------------------------------------------------------------
]]></system-err>
  </testcase>
  <testcase name="Visualizar el formulario de inicio de sesion" classname="Inicio de sesion" time="1.398">
    <system-out><![CDATA[
@smoke @ui @login
Escenario: Visualizar el formulario de inicio de sesion               &amp#27;[90m# ///Users/stephanomejiamorales/Documents/Universidad de Medellin/Semestre VII/(61) Validación y Verificación de Software/Linker/QA/src/test/resources/features/login/inicio_sesion.feature:8&amp#27;[0m
  &amp#27;[32mDado &amp#27;[0m&amp#27;[32mque &amp#27;[0m&amp#27;[32m&amp#27;[1mMelissa&amp#27;[0m&amp#27;[32m navega a la pantalla de login&amp#27;[0m                      &amp#27;[90m# com.linker.qa.stepdefinitions.LoginStepDefinitions.actorNavigatesToLoginPage(java.lang.String)&amp#27;[0m
  &amp#27;[32mCuando &amp#27;[0m&amp#27;[32mintenta iniciar su autenticacion&amp#27;[0m                             &amp#27;[90m# com.linker.qa.stepdefinitions.LoginStepDefinitions.actorAttemptsAuthentication()&amp#27;[0m
  &amp#27;[32mEntonces &amp#27;[0m&amp#27;[32mdeberia ver el mensaje de bienvenida &amp#27;[0m&amp#27;[32m&amp#27;[1m"Bienvenido de nuevo"&amp#27;[0m &amp#27;[90m# com.linker.qa.stepdefinitions.LoginStepDefinitions.shouldSeeTheWelcomeTitle(java.lang.String)&amp#27;[0m
  &amp#27;[32mY &amp#27;[0m&amp#27;[32mdeberia ver el titulo &amp#27;[0m&amp#27;[32m&amp#27;[1m"Iniciar Sesión"&amp#27;[0m&amp#27;[32m en el formulario&amp#27;[0m           &amp#27;[90m# com.linker.qa.stepdefinitions.LoginStepDefinitions.shouldSeeTheExpectedTitle(java.lang.String)&amp#27;[0m
]]></system-out>
    <system-err><![CDATA[[main] INFO  - Test Suite Started: Inicio de sesion
[main] INFO  - 
  _____   ___   ___   _____     ___   _____     _     ___   _____   ___   ___  
 |_   _| | __| / __| |_   _|   / __| |_   _|   /_\   | _ \ |_   _| | __| |   \ 
   | |   | _|  \__ \   | |     \__ \   | |    / _ \  |   /   | |   | _|  | |) |
   |_|   |___| |___/   |_|     |___/   |_|   /_/ \_\ |_|_\   |_|   |___| |___/ 

Visualizar el formulario de inicio de sesion(inicio-de-sesion;visualizar-el-formulario-de-inicio-de-sesion)
--------------------------------------------------------------------------------
[main] INFO net.serenitybdd.core.webdriver.driverproviders.ChromeDriverProvider - Starting Chrome driver instance with capabilities:
[main] INFO net.serenitybdd.core.webdriver.driverproviders.ChromeDriverProvider - Capabilities {acceptInsecureCerts: false, browserName: chrome, goog:chromeOptions: {args: [remote-allow-origins=*], extensions: []}}
Apr 28, 2026 8:47:20 PM org.openqa.selenium.devtools.CdpVersionFinder findNearestMatch
WARNING: Unable to find CDP implementation matching 147
Apr 28, 2026 8:47:20 PM org.openqa.selenium.chromium.ChromiumDriver lambda$new$4
WARNING: Unable to find version of CDP to use for 147.0.7727.117. You may need to include a dependency on a specific version of the CDP using something similar to `org.seleniumhq.selenium:selenium-devtools-v86:4.28.1` where the version ("v86") matches the version of the chromium-based browser you're using and the version number of the artifact is the same as Selenium's.
[main] INFO  - 
  _____   ___   ___   _____     ___     _     ___   ___   ___   ___  
 |_   _| | __| / __| |_   _|   | _ \   /_\   / __| / __| | __| |   \ 
   | |   | _|  \__ \   | |     |  _/  / _ \  \__ \ \__ \ | _|  | |) |
   |_|   |___| |___/   |_|     |_|   /_/ \_\ |___/ |___/ |___| |___/ 

Visualizar el formulario de inicio de sesion
----------------------------------------------------------------------
]]></system-err>
  </testcase>
  <testcase name="Visualizar la ruta privada de match para empresa" classname="Match privado de empresa" time="1.468">
    <system-out><![CDATA[
@smoke @ui @private @match @empresa
Escenario: Visualizar la ruta privada de match para empresa                  &amp#27;[90m# ///Users/stephanomejiamorales/Documents/Universidad de Medellin/Semestre VII/(61) Validación y Verificación de Software/Linker/QA/src/test/resources/features/private/match_empresa.feature:8&amp#27;[0m
  &amp#27;[32mDado &amp#27;[0m&amp#27;[32mque &amp#27;[0m&amp#27;[32m&amp#27;[1mCamila&amp#27;[0m&amp#27;[32m inicia una sesion privada como empresa y navega a &amp#27;[0m&amp#27;[32m&amp#27;[1m"/match"&amp#27;[0m &amp#27;[90m# com.linker.qa.stepdefinitions.PrivatePagesStepDefinitions.companyNavigatesToPrivateRoute(java.lang.String,java.lang.String)&amp#27;[0m
  &amp#27;[32mEntonces &amp#27;[0m&amp#27;[32mdeberia visualizar el match privado para empresa&amp#27;[0m                  &amp#27;[90m# com.linker.qa.stepdefinitions.PrivatePagesStepDefinitions.shouldSeeCompanyPrivateMatch()&amp#27;[0m
]]></system-out>
    <system-err><![CDATA[[main] INFO  - Test Suite Started: Match privado de empresa
[main] INFO  - 
  _____   ___   ___   _____     ___   _____     _     ___   _____   ___   ___  
 |_   _| | __| / __| |_   _|   / __| |_   _|   /_\   | _ \ |_   _| | __| |   \ 
   | |   | _|  \__ \   | |     \__ \   | |    / _ \  |   /   | |   | _|  | |) |
   |_|   |___| |___/   |_|     |___/   |_|   /_/ \_\ |_|_\   |_|   |___| |___/ 

Visualizar la ruta privada de match para empresa(match-privado-de-empresa;visualizar-la-ruta-privada-de-match-para-empresa)
--------------------------------------------------------------------------------
[main] INFO net.serenitybdd.core.webdriver.driverproviders.ChromeDriverProvider - Starting Chrome driver instance with capabilities:
[main] INFO net.serenitybdd.core.webdriver.driverproviders.ChromeDriverProvider - Capabilities {acceptInsecureCerts: false, browserName: chrome, goog:chromeOptions: {args: [remote-allow-origins=*], extensions: []}}
Apr 28, 2026 8:47:21 PM org.openqa.selenium.devtools.CdpVersionFinder findNearestMatch
WARNING: Unable to find CDP implementation matching 147
Apr 28, 2026 8:47:21 PM org.openqa.selenium.chromium.ChromiumDriver lambda$new$4
WARNING: Unable to find version of CDP to use for 147.0.7727.117. You may need to include a dependency on a specific version of the CDP using something similar to `org.seleniumhq.selenium:selenium-devtools-v86:4.28.1` where the version ("v86") matches the version of the chromium-based browser you're using and the version number of the artifact is the same as Selenium's.
[main] INFO  - 
  _____   ___   ___   _____     ___     _     ___   ___   ___   ___  
 |_   _| | __| / __| |_   _|   | _ \   /_\   / __| / __| | __| |   \ 
   | |   | _|  \__ \   | |     |  _/  / _ \  \__ \ \__ \ | _|  | |) |
   |_|   |___| |___/   |_|     |_|   /_/ \_\ |___/ |___/ |___| |___/ 

Visualizar la ruta privada de match para empresa
----------------------------------------------------------------------
]]></system-err>
  </testcase>
  <testcase name="Visualizar la ruta privada de match para postulante" classname="Match privado del postulante" time="1.415">
    <system-out><![CDATA[
@smoke @ui @private @match @postulante
Escenario: Visualizar la ruta privada de match para postulante                  &amp#27;[90m# ///Users/stephanomejiamorales/Documents/Universidad de Medellin/Semestre VII/(61) Validación y Verificación de Software/Linker/QA/src/test/resources/features/private/match_postulante.feature:8&amp#27;[0m
  &amp#27;[32mDado &amp#27;[0m&amp#27;[32mque &amp#27;[0m&amp#27;[32m&amp#27;[1mCamila&amp#27;[0m&amp#27;[32m inicia una sesion privada como postulante y navega a &amp#27;[0m&amp#27;[32m&amp#27;[1m"/match"&amp#27;[0m &amp#27;[90m# com.linker.qa.stepdefinitions.PrivatePagesStepDefinitions.applicantNavigatesToPrivateRoute(java.lang.String,java.lang.String)&amp#27;[0m
  &amp#27;[32mEntonces &amp#27;[0m&amp#27;[32mdeberia visualizar el match privado para postulante&amp#27;[0m                  &amp#27;[90m# com.linker.qa.stepdefinitions.PrivatePagesStepDefinitions.shouldSeeApplicantPrivateMatch()&amp#27;[0m
]]></system-out>
    <system-err><![CDATA[[main] INFO  - Test Suite Started: Match privado del postulante
[main] INFO  - 
  _____   ___   ___   _____     ___   _____     _     ___   _____   ___   ___  
 |_   _| | __| / __| |_   _|   / __| |_   _|   /_\   | _ \ |_   _| | __| |   \ 
   | |   | _|  \__ \   | |     \__ \   | |    / _ \  |   /   | |   | _|  | |) |
   |_|   |___| |___/   |_|     |___/   |_|   /_/ \_\ |_|_\   |_|   |___| |___/ 

Visualizar la ruta privada de match para postulante(match-privado-del-postulante;visualizar-la-ruta-privada-de-match-para-postulante)
--------------------------------------------------------------------------------
[main] INFO net.serenitybdd.core.webdriver.driverproviders.ChromeDriverProvider - Starting Chrome driver instance with capabilities:
[main] INFO net.serenitybdd.core.webdriver.driverproviders.ChromeDriverProvider - Capabilities {acceptInsecureCerts: false, browserName: chrome, goog:chromeOptions: {args: [remote-allow-origins=*], extensions: []}}
Apr 28, 2026 8:47:23 PM org.openqa.selenium.devtools.CdpVersionFinder findNearestMatch
WARNING: Unable to find CDP implementation matching 147
Apr 28, 2026 8:47:23 PM org.openqa.selenium.chromium.ChromiumDriver lambda$new$4
WARNING: Unable to find version of CDP to use for 147.0.7727.117. You may need to include a dependency on a specific version of the CDP using something similar to `org.seleniumhq.selenium:selenium-devtools-v86:4.28.1` where the version ("v86") matches the version of the chromium-based browser you're using and the version number of the artifact is the same as Selenium's.
[main] INFO  - 
  _____   ___   ___   _____     ___     _     ___   ___   ___   ___  
 |_   _| | __| / __| |_   _|   | _ \   /_\   / __| / __| | __| |   \ 
   | |   | _|  \__ \   | |     |  _/  / _ \  \__ \ \__ \ | _|  | |) |
   |_|   |___| |___/   |_|     |_|   /_/ \_\ |___/ |___/ |___| |___/ 

Visualizar la ruta privada de match para postulante
----------------------------------------------------------------------
]]></system-err>
  </testcase>
  <testcase name="Visualizar la ruta privada del perfil de empresa" classname="Perfil privado de empresa" time="1.521">
    <system-out><![CDATA[
@smoke @ui @private @empresa
Escenario: Visualizar la ruta privada del perfil de empresa                    &amp#27;[90m# ///Users/stephanomejiamorales/Documents/Universidad de Medellin/Semestre VII/(61) Validación y Verificación de Software/Linker/QA/src/test/resources/features/private/perfil_empresa.feature:8&amp#27;[0m
  &amp#27;[32mDado &amp#27;[0m&amp#27;[32mque &amp#27;[0m&amp#27;[32m&amp#27;[1mCamila&amp#27;[0m&amp#27;[32m inicia una sesion privada como empresa y navega a &amp#27;[0m&amp#27;[32m&amp#27;[1m"/empresa"&amp#27;[0m &amp#27;[90m# com.linker.qa.stepdefinitions.PrivatePagesStepDefinitions.companyNavigatesToPrivateRoute(java.lang.String,java.lang.String)&amp#27;[0m
  &amp#27;[32mEntonces &amp#27;[0m&amp#27;[32mdeberia visualizar el perfil privado de empresa&amp#27;[0m                     &amp#27;[90m# com.linker.qa.stepdefinitions.PrivatePagesStepDefinitions.shouldSeeCompanyPrivateProfile()&amp#27;[0m
]]></system-out>
    <system-err><![CDATA[[main] INFO  - Test Suite Started: Perfil privado de empresa
[main] INFO  - 
  _____   ___   ___   _____     ___   _____     _     ___   _____   ___   ___  
 |_   _| | __| / __| |_   _|   / __| |_   _|   /_\   | _ \ |_   _| | __| |   \ 
   | |   | _|  \__ \   | |     \__ \   | |    / _ \  |   /   | |   | _|  | |) |
   |_|   |___| |___/   |_|     |___/   |_|   /_/ \_\ |_|_\   |_|   |___| |___/ 

Visualizar la ruta privada del perfil de empresa(perfil-privado-de-empresa;visualizar-la-ruta-privada-del-perfil-de-empresa)
--------------------------------------------------------------------------------
[main] INFO net.serenitybdd.core.webdriver.driverproviders.ChromeDriverProvider - Starting Chrome driver instance with capabilities:
[main] INFO net.serenitybdd.core.webdriver.driverproviders.ChromeDriverProvider - Capabilities {acceptInsecureCerts: false, browserName: chrome, goog:chromeOptions: {args: [remote-allow-origins=*], extensions: []}}
Apr 28, 2026 8:47:24 PM org.openqa.selenium.devtools.CdpVersionFinder findNearestMatch
WARNING: Unable to find CDP implementation matching 147
Apr 28, 2026 8:47:24 PM org.openqa.selenium.chromium.ChromiumDriver lambda$new$4
WARNING: Unable to find version of CDP to use for 147.0.7727.117. You may need to include a dependency on a specific version of the CDP using something similar to `org.seleniumhq.selenium:selenium-devtools-v86:4.28.1` where the version ("v86") matches the version of the chromium-based browser you're using and the version number of the artifact is the same as Selenium's.
[main] INFO  - 
  _____   ___   ___   _____     ___     _     ___   ___   ___   ___  
 |_   _| | __| / __| |_   _|   | _ \   /_\   / __| / __| | __| |   \ 
   | |   | _|  \__ \   | |     |  _/  / _ \  \__ \ \__ \ | _|  | |) |
   |_|   |___| |___/   |_|     |_|   /_/ \_\ |___/ |___/ |___| |___/ 

Visualizar la ruta privada del perfil de empresa
----------------------------------------------------------------------
]]></system-err>
  </testcase>
  <testcase name="Cambiar a la gestion de certificados de empresa" classname="Perfil privado de empresa" time="1.445">
    <system-out><![CDATA[
@ui @private @empresa
Escenario: Cambiar a la gestion de certificados de empresa                     &amp#27;[90m# ///Users/stephanomejiamorales/Documents/Universidad de Medellin/Semestre VII/(61) Validación y Verificación de Software/Linker/QA/src/test/resources/features/private/perfil_empresa.feature:13&amp#27;[0m
  &amp#27;[32mDado &amp#27;[0m&amp#27;[32mque &amp#27;[0m&amp#27;[32m&amp#27;[1mCamila&amp#27;[0m&amp#27;[32m inicia una sesion privada como empresa y navega a &amp#27;[0m&amp#27;[32m&amp#27;[1m"/empresa"&amp#27;[0m &amp#27;[90m# com.linker.qa.stepdefinitions.PrivatePagesStepDefinitions.companyNavigatesToPrivateRoute(java.lang.String,java.lang.String)&amp#27;[0m
  &amp#27;[32mCuando &amp#27;[0m&amp#27;[32mcambia a la pestana de certificados de empresa&amp#27;[0m                        &amp#27;[90m# com.linker.qa.stepdefinitions.PrivatePagesStepDefinitions.actorChangesToCompanyCertificatesTab()&amp#27;[0m
  &amp#27;[32mEntonces &amp#27;[0m&amp#27;[32mdeberia visualizar la gestion de certificados de empresa&amp#27;[0m            &amp#27;[90m# com.linker.qa.stepdefinitions.PrivatePagesStepDefinitions.shouldSeeCompanyCertificatesManagement()&amp#27;[0m
]]></system-out>
    <system-err><![CDATA[[main] INFO  - 
  _____   ___   ___   _____     ___   _____     _     ___   _____   ___   ___  
 |_   _| | __| / __| |_   _|   / __| |_   _|   /_\   | _ \ |_   _| | __| |   \ 
   | |   | _|  \__ \   | |     \__ \   | |    / _ \  |   /   | |   | _|  | |) |
   |_|   |___| |___/   |_|     |___/   |_|   /_/ \_\ |_|_\   |_|   |___| |___/ 

Cambiar a la gestion de certificados de empresa(perfil-privado-de-empresa;cambiar-a-la-gestion-de-certificados-de-empresa)
--------------------------------------------------------------------------------
[main] INFO net.serenitybdd.core.webdriver.driverproviders.ChromeDriverProvider - Starting Chrome driver instance with capabilities:
[main] INFO net.serenitybdd.core.webdriver.driverproviders.ChromeDriverProvider - Capabilities {acceptInsecureCerts: false, browserName: chrome, goog:chromeOptions: {args: [remote-allow-origins=*], extensions: []}}
Apr 28, 2026 8:47:26 PM org.openqa.selenium.devtools.CdpVersionFinder findNearestMatch
WARNING: Unable to find CDP implementation matching 147
Apr 28, 2026 8:47:26 PM org.openqa.selenium.chromium.ChromiumDriver lambda$new$4
WARNING: Unable to find version of CDP to use for 147.0.7727.117. You may need to include a dependency on a specific version of the CDP using something similar to `org.seleniumhq.selenium:selenium-devtools-v86:4.28.1` where the version ("v86") matches the version of the chromium-based browser you're using and the version number of the artifact is the same as Selenium's.
[main] INFO  - 
  _____   ___   ___   _____     ___     _     ___   ___   ___   ___  
 |_   _| | __| / __| |_   _|   | _ \   /_\   / __| / __| | __| |   \ 
   | |   | _|  \__ \   | |     |  _/  / _ \  \__ \ \__ \ | _|  | |) |
   |_|   |___| |___/   |_|     |_|   /_/ \_\ |___/ |___/ |___| |___/ 

Cambiar a la gestion de certificados de empresa
----------------------------------------------------------------------
]]></system-err>
  </testcase>
  <testcase name="Visualizar la ruta privada del perfil de postulante" classname="Perfil privado del postulante" time="1.362">
    <system-out><![CDATA[
@smoke @ui @private @postulante
Escenario: Visualizar la ruta privada del perfil de postulante                       &amp#27;[90m# ///Users/stephanomejiamorales/Documents/Universidad de Medellin/Semestre VII/(61) Validación y Verificación de Software/Linker/QA/src/test/resources/features/private/perfil_postulante.feature:8&amp#27;[0m
  &amp#27;[32mDado &amp#27;[0m&amp#27;[32mque &amp#27;[0m&amp#27;[32m&amp#27;[1mCamila&amp#27;[0m&amp#27;[32m inicia una sesion privada como postulante y navega a &amp#27;[0m&amp#27;[32m&amp#27;[1m"/postulante"&amp#27;[0m &amp#27;[90m# com.linker.qa.stepdefinitions.PrivatePagesStepDefinitions.applicantNavigatesToPrivateRoute(java.lang.String,java.lang.String)&amp#27;[0m
  &amp#27;[32mEntonces &amp#27;[0m&amp#27;[32mdeberia visualizar el perfil privado del postulante&amp#27;[0m                       &amp#27;[90m# com.linker.qa.stepdefinitions.PrivatePagesStepDefinitions.shouldSeeApplicantPrivateProfile()&amp#27;[0m
]]></system-out>
    <system-err><![CDATA[[main] INFO  - Test Suite Started: Perfil privado del postulante
[main] INFO  - 
  _____   ___   ___   _____     ___   _____     _     ___   _____   ___   ___  
 |_   _| | __| / __| |_   _|   / __| |_   _|   /_\   | _ \ |_   _| | __| |   \ 
   | |   | _|  \__ \   | |     \__ \   | |    / _ \  |   /   | |   | _|  | |) |
   |_|   |___| |___/   |_|     |___/   |_|   /_/ \_\ |_|_\   |_|   |___| |___/ 

Visualizar la ruta privada del perfil de postulante(perfil-privado-del-postulante;visualizar-la-ruta-privada-del-perfil-de-postulante)
--------------------------------------------------------------------------------
[main] INFO net.serenitybdd.core.webdriver.driverproviders.ChromeDriverProvider - Starting Chrome driver instance with capabilities:
[main] INFO net.serenitybdd.core.webdriver.driverproviders.ChromeDriverProvider - Capabilities {acceptInsecureCerts: false, browserName: chrome, goog:chromeOptions: {args: [remote-allow-origins=*], extensions: []}}
Apr 28, 2026 8:47:27 PM org.openqa.selenium.devtools.CdpVersionFinder findNearestMatch
WARNING: Unable to find CDP implementation matching 147
Apr 28, 2026 8:47:27 PM org.openqa.selenium.chromium.ChromiumDriver lambda$new$4
WARNING: Unable to find version of CDP to use for 147.0.7727.117. You may need to include a dependency on a specific version of the CDP using something similar to `org.seleniumhq.selenium:selenium-devtools-v86:4.28.1` where the version ("v86") matches the version of the chromium-based browser you're using and the version number of the artifact is the same as Selenium's.
[main] INFO  - 
  _____   ___   ___   _____     ___     _     ___   ___   ___   ___  
 |_   _| | __| / __| |_   _|   | _ \   /_\   / __| / __| | __| |   \ 
   | |   | _|  \__ \   | |     |  _/  / _ \  \__ \ \__ \ | _|  | |) |
   |_|   |___| |___/   |_|     |_|   /_/ \_\ |___/ |___/ |___| |___/ 

Visualizar la ruta privada del perfil de postulante
----------------------------------------------------------------------
]]></system-err>
  </testcase>
  <testcase name="Visualizar el primer paso del registro de postulante" classname="Registro de postulante" time="1.675">
    <system-out><![CDATA[
@smoke @ui @signup
Escenario: Visualizar el primer paso del registro de postulante               &amp#27;[90m# ///Users/stephanomejiamorales/Documents/Universidad de Medellin/Semestre VII/(61) Validación y Verificación de Software/Linker/QA/src/test/resources/features/signup/registro_postulante.feature:8&amp#27;[0m
  &amp#27;[32mDado &amp#27;[0m&amp#27;[32mque &amp#27;[0m&amp#27;[32m&amp#27;[1mStephano&amp#27;[0m&amp#27;[32m navega a la pagina &amp#27;[0m&amp#27;[32m&amp#27;[1m"/signup"&amp#27;[0m                              &amp#27;[90m# com.linker.qa.stepdefinitions.PublicPagesStepDefinitions.actorNavigatesToPage(java.lang.String,java.lang.String)&amp#27;[0m
  &amp#27;[32mEntonces &amp#27;[0m&amp#27;[32mdeberia visualizar el formulario inicial de registro de postulante&amp#27;[0m &amp#27;[90m# com.linker.qa.stepdefinitions.PublicPagesStepDefinitions.shouldSeeApplicantSignupFirstStep()&amp#27;[0m
]]></system-out>
    <system-err><![CDATA[[main] INFO  - Test Suite Started: Registro de postulante
[main] INFO  - 
  _____   ___   ___   _____     ___   _____     _     ___   _____   ___   ___  
 |_   _| | __| / __| |_   _|   / __| |_   _|   /_\   | _ \ |_   _| | __| |   \ 
   | |   | _|  \__ \   | |     \__ \   | |    / _ \  |   /   | |   | _|  | |) |
   |_|   |___| |___/   |_|     |___/   |_|   /_/ \_\ |_|_\   |_|   |___| |___/ 

Visualizar el primer paso del registro de postulante(registro-de-postulante;visualizar-el-primer-paso-del-registro-de-postulante)
--------------------------------------------------------------------------------
[main] INFO net.serenitybdd.core.webdriver.driverproviders.ChromeDriverProvider - Starting Chrome driver instance with capabilities:
[main] INFO net.serenitybdd.core.webdriver.driverproviders.ChromeDriverProvider - Capabilities {acceptInsecureCerts: false, browserName: chrome, goog:chromeOptions: {args: [remote-allow-origins=*], extensions: []}}
Apr 28, 2026 8:47:28 PM org.openqa.selenium.devtools.CdpVersionFinder findNearestMatch
WARNING: Unable to find CDP implementation matching 147
Apr 28, 2026 8:47:28 PM org.openqa.selenium.chromium.ChromiumDriver lambda$new$4
WARNING: Unable to find version of CDP to use for 147.0.7727.117. You may need to include a dependency on a specific version of the CDP using something similar to `org.seleniumhq.selenium:selenium-devtools-v86:4.28.1` where the version ("v86") matches the version of the chromium-based browser you're using and the version number of the artifact is the same as Selenium's.
[main] INFO  - 
  _____   ___   ___   _____     ___     _     ___   ___   ___   ___  
 |_   _| | __| / __| |_   _|   | _ \   /_\   / __| / __| | __| |   \ 
   | |   | _|  \__ \   | |     |  _/  / _ \  \__ \ \__ \ | _|  | |) |
   |_|   |___| |___/   |_|     |_|   /_/ \_\ |___/ |___/ |___| |___/ 

Visualizar el primer paso del registro de postulante
----------------------------------------------------------------------
]]></system-err>
  </testcase>
  <testcase name="Avanzar al segundo paso del registro de postulante" classname="Registro de postulante" time="2.396">
    <system-out><![CDATA[
@ui @signup
Escenario: Avanzar al segundo paso del registro de postulante                                       &amp#27;[90m# ///Users/stephanomejiamorales/Documents/Universidad de Medellin/Semestre VII/(61) Validación y Verificación de Software/Linker/QA/src/test/resources/features/signup/registro_postulante.feature:13&amp#27;[0m
  &amp#27;[32mDado &amp#27;[0m&amp#27;[32mque &amp#27;[0m&amp#27;[32m&amp#27;[1mStephano&amp#27;[0m&amp#27;[32m navega a la pagina &amp#27;[0m&amp#27;[32m&amp#27;[1m"/signup"&amp#27;[0m                                                    &amp#27;[90m# com.linker.qa.stepdefinitions.PublicPagesStepDefinitions.actorNavigatesToPage(java.lang.String,java.lang.String)&amp#27;[0m
  &amp#27;[32mCuando &amp#27;[0m&amp#27;[32mavanza al segundo paso del registro de postulante con nombre &amp#27;[0m&amp#27;[32m&amp#27;[1m"Stephano"&amp#27;[0m&amp#27;[32m y apellido &amp#27;[0m&amp#27;[32m&amp#27;[1m"Mejia"&amp#27;[0m &amp#27;[90m# com.linker.qa.stepdefinitions.PublicPagesStepDefinitions.actorAdvancesApplicantSignup(java.lang.String,java.lang.String)&amp#27;[0m
  &amp#27;[32mEntonces &amp#27;[0m&amp#27;[32mdeberia visualizar el formulario de credenciales del postulante&amp#27;[0m                          &amp#27;[90m# com.linker.qa.stepdefinitions.PublicPagesStepDefinitions.shouldSeeApplicantCredentialsStep()&amp#27;[0m
]]></system-out>
    <system-err><![CDATA[[main] INFO  - 
  _____   ___   ___   _____     ___   _____     _     ___   _____   ___   ___  
 |_   _| | __| / __| |_   _|   / __| |_   _|   /_\   | _ \ |_   _| | __| |   \ 
   | |   | _|  \__ \   | |     \__ \   | |    / _ \  |   /   | |   | _|  | |) |
   |_|   |___| |___/   |_|     |___/   |_|   /_/ \_\ |_|_\   |_|   |___| |___/ 

Avanzar al segundo paso del registro de postulante(registro-de-postulante;avanzar-al-segundo-paso-del-registro-de-postulante)
--------------------------------------------------------------------------------
[main] INFO net.serenitybdd.core.webdriver.driverproviders.ChromeDriverProvider - Starting Chrome driver instance with capabilities:
[main] INFO net.serenitybdd.core.webdriver.driverproviders.ChromeDriverProvider - Capabilities {acceptInsecureCerts: false, browserName: chrome, goog:chromeOptions: {args: [remote-allow-origins=*], extensions: []}}
Apr 28, 2026 8:47:30 PM org.openqa.selenium.devtools.CdpVersionFinder findNearestMatch
WARNING: Unable to find CDP implementation matching 147
Apr 28, 2026 8:47:30 PM org.openqa.selenium.chromium.ChromiumDriver lambda$new$4
WARNING: Unable to find version of CDP to use for 147.0.7727.117. You may need to include a dependency on a specific version of the CDP using something similar to `org.seleniumhq.selenium:selenium-devtools-v86:4.28.1` where the version ("v86") matches the version of the chromium-based browser you're using and the version number of the artifact is the same as Selenium's.
[main] INFO  - 
  _____   ___   ___   _____     ___     _     ___   ___   ___   ___  
 |_   _| | __| / __| |_   _|   | _ \   /_\   / __| / __| | __| |   \ 
   | |   | _|  \__ \   | |     |  _/  / _ \  \__ \ \__ \ | _|  | |) |
   |_|   |___| |___/   |_|     |_|   /_/ \_\ |___/ |___/ |___| |___/ 

Avanzar al segundo paso del registro de postulante
----------------------------------------------------------------------
]]></system-err>
  </testcase>
  <testcase name="Volver al primer paso del registro de postulante" classname="Registro de postulante" time="2.692">
    <system-out><![CDATA[
@ui @signup
Escenario: Volver al primer paso del registro de postulante                                         &amp#27;[90m# ///Users/stephanomejiamorales/Documents/Universidad de Medellin/Semestre VII/(61) Validación y Verificación de Software/Linker/QA/src/test/resources/features/signup/registro_postulante.feature:19&amp#27;[0m
  &amp#27;[32mDado &amp#27;[0m&amp#27;[32mque &amp#27;[0m&amp#27;[32m&amp#27;[1mStephano&amp#27;[0m&amp#27;[32m navega a la pagina &amp#27;[0m&amp#27;[32m&amp#27;[1m"/signup"&amp#27;[0m                                                    &amp#27;[90m# com.linker.qa.stepdefinitions.PublicPagesStepDefinitions.actorNavigatesToPage(java.lang.String,java.lang.String)&amp#27;[0m
  &amp#27;[32mCuando &amp#27;[0m&amp#27;[32mavanza al segundo paso del registro de postulante con nombre &amp#27;[0m&amp#27;[32m&amp#27;[1m"Stephano"&amp#27;[0m&amp#27;[32m y apellido &amp#27;[0m&amp#27;[32m&amp#27;[1m"Mejia"&amp#27;[0m &amp#27;[90m# com.linker.qa.stepdefinitions.PublicPagesStepDefinitions.actorAdvancesApplicantSignup(java.lang.String,java.lang.String)&amp#27;[0m
  &amp#27;[32mY &amp#27;[0m&amp#27;[32mregresa al primer paso del registro de postulante&amp#27;[0m                                               &amp#27;[90m# com.linker.qa.stepdefinitions.PublicPagesStepDefinitions.actorReturnsToApplicantFirstStep()&amp#27;[0m
  &amp#27;[32mEntonces &amp#27;[0m&amp#27;[32mdeberia visualizar el formulario inicial de registro de postulante&amp#27;[0m                       &amp#27;[90m# com.linker.qa.stepdefinitions.PublicPagesStepDefinitions.shouldSeeApplicantSignupFirstStep()&amp#27;[0m
]]></system-out>
    <system-err><![CDATA[[main] INFO  - 
  _____   ___   ___   _____     ___   _____     _     ___   _____   ___   ___  
 |_   _| | __| / __| |_   _|   / __| |_   _|   /_\   | _ \ |_   _| | __| |   \ 
   | |   | _|  \__ \   | |     \__ \   | |    / _ \  |   /   | |   | _|  | |) |
   |_|   |___| |___/   |_|     |___/   |_|   /_/ \_\ |_|_\   |_|   |___| |___/ 

Volver al primer paso del registro de postulante(registro-de-postulante;volver-al-primer-paso-del-registro-de-postulante)
--------------------------------------------------------------------------------
[main] INFO net.serenitybdd.core.webdriver.driverproviders.ChromeDriverProvider - Starting Chrome driver instance with capabilities:
[main] INFO net.serenitybdd.core.webdriver.driverproviders.ChromeDriverProvider - Capabilities {acceptInsecureCerts: false, browserName: chrome, goog:chromeOptions: {args: [remote-allow-origins=*], extensions: []}}
Apr 28, 2026 8:47:32 PM org.openqa.selenium.devtools.CdpVersionFinder findNearestMatch
WARNING: Unable to find CDP implementation matching 147
Apr 28, 2026 8:47:32 PM org.openqa.selenium.chromium.ChromiumDriver lambda$new$4
WARNING: Unable to find version of CDP to use for 147.0.7727.117. You may need to include a dependency on a specific version of the CDP using something similar to `org.seleniumhq.selenium:selenium-devtools-v86:4.28.1` where the version ("v86") matches the version of the chromium-based browser you're using and the version number of the artifact is the same as Selenium's.
[main] INFO  - 
  _____   ___   ___   _____     ___     _     ___   ___   ___   ___  
 |_   _| | __| / __| |_   _|   | _ \   /_\   / __| / __| | __| |   \ 
   | |   | _|  \__ \   | |     |  _/  / _ \  \__ \ \__ \ | _|  | |) |
   |_|   |___| |___/   |_|     |_|   /_/ \_\ |___/ |___/ |___| |___/ 

Volver al primer paso del registro de postulante
----------------------------------------------------------------------
]]></system-err>
  </testcase>
  <testcase name="Visualizar el primer paso del registro de empresa" classname="Registro de empresa" time="1.436">
    <system-out><![CDATA[
@smoke @ui @signup-empresa
Escenario: Visualizar el primer paso del registro de empresa               &amp#27;[90m# ///Users/stephanomejiamorales/Documents/Universidad de Medellin/Semestre VII/(61) Validación y Verificación de Software/Linker/QA/src/test/resources/features/signup_empresa/registro_empresa.feature:8&amp#27;[0m
  &amp#27;[32mDado &amp#27;[0m&amp#27;[32mque &amp#27;[0m&amp#27;[32m&amp#27;[1mGabo&amp#27;[0m&amp#27;[32m navega a la pagina &amp#27;[0m&amp#27;[32m&amp#27;[1m"/signup-empresa"&amp#27;[0m                       &amp#27;[90m# com.linker.qa.stepdefinitions.PublicPagesStepDefinitions.actorNavigatesToPage(java.lang.String,java.lang.String)&amp#27;[0m
  &amp#27;[32mEntonces &amp#27;[0m&amp#27;[32mdeberia visualizar el formulario inicial de registro de empresa&amp#27;[0m &amp#27;[90m# com.linker.qa.stepdefinitions.PublicPagesStepDefinitions.shouldSeeCompanySignupFirstStep()&amp#27;[0m
]]></system-out>
    <system-err><![CDATA[[main] INFO  - Test Suite Started: Registro de empresa
[main] INFO  - 
  _____   ___   ___   _____     ___   _____     _     ___   _____   ___   ___  
 |_   _| | __| / __| |_   _|   / __| |_   _|   /_\   | _ \ |_   _| | __| |   \ 
   | |   | _|  \__ \   | |     \__ \   | |    / _ \  |   /   | |   | _|  | |) |
   |_|   |___| |___/   |_|     |___/   |_|   /_/ \_\ |_|_\   |_|   |___| |___/ 

Visualizar el primer paso del registro de empresa(registro-de-empresa;visualizar-el-primer-paso-del-registro-de-empresa)
--------------------------------------------------------------------------------
[main] INFO net.serenitybdd.core.webdriver.driverproviders.ChromeDriverProvider - Starting Chrome driver instance with capabilities:
[main] INFO net.serenitybdd.core.webdriver.driverproviders.ChromeDriverProvider - Capabilities {acceptInsecureCerts: false, browserName: chrome, goog:chromeOptions: {args: [remote-allow-origins=*], extensions: []}}
Apr 28, 2026 8:47:35 PM org.openqa.selenium.devtools.CdpVersionFinder findNearestMatch
WARNING: Unable to find CDP implementation matching 147
Apr 28, 2026 8:47:35 PM org.openqa.selenium.chromium.ChromiumDriver lambda$new$4
WARNING: Unable to find version of CDP to use for 147.0.7727.117. You may need to include a dependency on a specific version of the CDP using something similar to `org.seleniumhq.selenium:selenium-devtools-v86:4.28.1` where the version ("v86") matches the version of the chromium-based browser you're using and the version number of the artifact is the same as Selenium's.
[main] INFO  - 
  _____   ___   ___   _____     ___     _     ___   ___   ___   ___  
 |_   _| | __| / __| |_   _|   | _ \   /_\   / __| / __| | __| |   \ 
   | |   | _|  \__ \   | |     |  _/  / _ \  \__ \ \__ \ | _|  | |) |
   |_|   |___| |___/   |_|     |_|   /_/ \_\ |___/ |___/ |___| |___/ 

Visualizar el primer paso del registro de empresa
----------------------------------------------------------------------
]]></system-err>
  </testcase>
  <testcase name="Avanzar al segundo paso del registro de empresa" classname="Registro de empresa" time="2.347">
    <system-out><![CDATA[
@ui @signup-empresa
Escenario: Avanzar al segundo paso del registro de empresa                                        &amp#27;[90m# ///Users/stephanomejiamorales/Documents/Universidad de Medellin/Semestre VII/(61) Validación y Verificación de Software/Linker/QA/src/test/resources/features/signup_empresa/registro_empresa.feature:13&amp#27;[0m
  &amp#27;[32mDado &amp#27;[0m&amp#27;[32mque &amp#27;[0m&amp#27;[32m&amp#27;[1mGabo&amp#27;[0m&amp#27;[32m navega a la pagina &amp#27;[0m&amp#27;[32m&amp#27;[1m"/signup-empresa"&amp#27;[0m                                              &amp#27;[90m# com.linker.qa.stepdefinitions.PublicPagesStepDefinitions.actorNavigatesToPage(java.lang.String,java.lang.String)&amp#27;[0m
  &amp#27;[32mCuando &amp#27;[0m&amp#27;[32mavanza al segundo paso del registro de empresa con nombre &amp#27;[0m&amp#27;[32m&amp#27;[1m"Linker SAS"&amp#27;[0m&amp#27;[32m y NIT &amp#27;[0m&amp#27;[32m&amp#27;[1m"900123456"&amp#27;[0m &amp#27;[90m# com.linker.qa.stepdefinitions.PublicPagesStepDefinitions.actorAdvancesCompanySignup(java.lang.String,java.lang.String)&amp#27;[0m
  &amp#27;[32mEntonces &amp#27;[0m&amp#27;[32mdeberia visualizar el formulario de credenciales de empresa&amp#27;[0m                            &amp#27;[90m# com.linker.qa.stepdefinitions.PublicPagesStepDefinitions.shouldSeeCompanyCredentialsStep()&amp#27;[0m
]]></system-out>
    <system-err><![CDATA[[main] INFO  - 
  _____   ___   ___   _____     ___   _____     _     ___   _____   ___   ___  
 |_   _| | __| / __| |_   _|   / __| |_   _|   /_\   | _ \ |_   _| | __| |   \ 
   | |   | _|  \__ \   | |     \__ \   | |    / _ \  |   /   | |   | _|  | |) |
   |_|   |___| |___/   |_|     |___/   |_|   /_/ \_\ |_|_\   |_|   |___| |___/ 

Avanzar al segundo paso del registro de empresa(registro-de-empresa;avanzar-al-segundo-paso-del-registro-de-empresa)
--------------------------------------------------------------------------------
[main] INFO net.serenitybdd.core.webdriver.driverproviders.ChromeDriverProvider - Starting Chrome driver instance with capabilities:
[main] INFO net.serenitybdd.core.webdriver.driverproviders.ChromeDriverProvider - Capabilities {acceptInsecureCerts: false, browserName: chrome, goog:chromeOptions: {args: [remote-allow-origins=*], extensions: []}}
Apr 28, 2026 8:47:37 PM org.openqa.selenium.devtools.CdpVersionFinder findNearestMatch
WARNING: Unable to find CDP implementation matching 147
Apr 28, 2026 8:47:37 PM org.openqa.selenium.chromium.ChromiumDriver lambda$new$4
WARNING: Unable to find version of CDP to use for 147.0.7727.117. You may need to include a dependency on a specific version of the CDP using something similar to `org.seleniumhq.selenium:selenium-devtools-v86:4.28.1` where the version ("v86") matches the version of the chromium-based browser you're using and the version number of the artifact is the same as Selenium's.
[main] INFO  - 
  _____   ___   ___   _____     ___     _     ___   ___   ___   ___  
 |_   _| | __| / __| |_   _|   | _ \   /_\   / __| / __| | __| |   \ 
   | |   | _|  \__ \   | |     |  _/  / _ \  \__ \ \__ \ | _|  | |) |
   |_|   |___| |___/   |_|     |_|   /_/ \_\ |___/ |___/ |___| |___/ 

Avanzar al segundo paso del registro de empresa
----------------------------------------------------------------------
]]></system-err>
  </testcase>
  <testcase name="Volver al primer paso del registro de empresa" classname="Registro de empresa" time="2.334">
    <system-out><![CDATA[
@ui @signup-empresa
Escenario: Volver al primer paso del registro de empresa                                          &amp#27;[90m# ///Users/stephanomejiamorales/Documents/Universidad de Medellin/Semestre VII/(61) Validación y Verificación de Software/Linker/QA/src/test/resources/features/signup_empresa/registro_empresa.feature:19&amp#27;[0m
  &amp#27;[32mDado &amp#27;[0m&amp#27;[32mque &amp#27;[0m&amp#27;[32m&amp#27;[1mGabo&amp#27;[0m&amp#27;[32m navega a la pagina &amp#27;[0m&amp#27;[32m&amp#27;[1m"/signup-empresa"&amp#27;[0m                                              &amp#27;[90m# com.linker.qa.stepdefinitions.PublicPagesStepDefinitions.actorNavigatesToPage(java.lang.String,java.lang.String)&amp#27;[0m
  &amp#27;[32mCuando &amp#27;[0m&amp#27;[32mavanza al segundo paso del registro de empresa con nombre &amp#27;[0m&amp#27;[32m&amp#27;[1m"Linker SAS"&amp#27;[0m&amp#27;[32m y NIT &amp#27;[0m&amp#27;[32m&amp#27;[1m"900123456"&amp#27;[0m &amp#27;[90m# com.linker.qa.stepdefinitions.PublicPagesStepDefinitions.actorAdvancesCompanySignup(java.lang.String,java.lang.String)&amp#27;[0m
  &amp#27;[32mY &amp#27;[0m&amp#27;[32mregresa al primer paso del registro de empresa&amp#27;[0m                                                &amp#27;[90m# com.linker.qa.stepdefinitions.PublicPagesStepDefinitions.actorReturnsToCompanyFirstStep()&amp#27;[0m
  &amp#27;[32mEntonces &amp#27;[0m&amp#27;[32mdeberia visualizar el formulario inicial de registro de empresa&amp#27;[0m                        &amp#27;[90m# com.linker.qa.stepdefinitions.PublicPagesStepDefinitions.shouldSeeCompanySignupFirstStep()&amp#27;[0m
]]></system-out>
    <system-err><![CDATA[[main] INFO  - 
  _____   ___   ___   _____     ___   _____     _     ___   _____   ___   ___  
 |_   _| | __| / __| |_   _|   / __| |_   _|   /_\   | _ \ |_   _| | __| |   \ 
   | |   | _|  \__ \   | |     \__ \   | |    / _ \  |   /   | |   | _|  | |) |
   |_|   |___| |___/   |_|     |___/   |_|   /_/ \_\ |_|_\   |_|   |___| |___/ 

Volver al primer paso del registro de empresa(registro-de-empresa;volver-al-primer-paso-del-registro-de-empresa)
--------------------------------------------------------------------------------
[main] INFO net.serenitybdd.core.webdriver.driverproviders.ChromeDriverProvider - Starting Chrome driver instance with capabilities:
[main] INFO net.serenitybdd.core.webdriver.driverproviders.ChromeDriverProvider - Capabilities {acceptInsecureCerts: false, browserName: chrome, goog:chromeOptions: {args: [remote-allow-origins=*], extensions: []}}
Apr 28, 2026 8:47:39 PM org.openqa.selenium.devtools.CdpVersionFinder findNearestMatch
WARNING: Unable to find CDP implementation matching 147
Apr 28, 2026 8:47:39 PM org.openqa.selenium.chromium.ChromiumDriver lambda$new$4
WARNING: Unable to find version of CDP to use for 147.0.7727.117. You may need to include a dependency on a specific version of the CDP using something similar to `org.seleniumhq.selenium:selenium-devtools-v86:4.28.1` where the version ("v86") matches the version of the chromium-based browser you're using and the version number of the artifact is the same as Selenium's.
[main] INFO  - 
  _____   ___   ___   _____     ___     _     ___   ___   ___   ___  
 |_   _| | __| / __| |_   _|   | _ \   /_\   / __| / __| | __| |   \ 
   | |   | _|  \__ \   | |     |  _/  / _ \  \__ \ \__ \ | _|  | |) |
   |_|   |___| |___/   |_|     |_|   /_/ \_\ |___/ |___/ |___| |___/ 

Volver al primer paso del registro de empresa
----------------------------------------------------------------------
]]></system-err>
  </testcase>
</testsuite>